<?xml version="1.0" encoding="UTF-8"?>
<!-- Generated by org.testng.reporters.JUnitXMLReporter -->
<testsuite ignored="0" hostname="inlen8520026352" failures="1" tests="1" name="Default test(failed)(failed)(failed)(failed)(failed)(failed)" time="4.514" errors="0" timestamp="2022-05-02T13:36:19 IST">
  <testcase classname="com.inetBanking.testCases.TC_LoginTest_001" name="loginTest" time="0.009">
    <failure type="java.lang.Error" message="Unresolved compilation problems: 
	logger cannot be resolved
	logger cannot be resolved
	logger cannot be resolved
	logger cannot be resolved
	logger cannot be resolved
">
      <![CDATA[java.lang.Error: Unresolved compilation problems: 
logger cannot be resolved
logger cannot be resolved
logger cannot be resolved
logger cannot be resolved
logger cannot be resolved

at com.inetBanking.testCases.TC_LoginTest_001.loginTest(TC_LoginTest_001.java:20)
at java.base/java.util.ArrayList.forEach(ArrayList.java:1511)
... Removed 27 stack frames]]>
    </failure>
  </testcase> <!-- loginTest -->
</testsuite> <!-- Default test(failed)(failed)(failed)(failed)(failed)(failed) -->
