<?xml version="1.0" encoding="UTF-8"?>
<!-- Generated by org.testng.reporters.JUnitXMLReporter -->
<testsuite ignored="0" hostname="inlen8520026352" failures="1" tests="1" name="BankingApp Test(failed)(failed)(failed)" time="20.244" errors="0" timestamp="30 May 2022 14:00:51 GMT">
  <testcase classname="com.inetBanking.testCases.TC_LoginDDT_002" name="loginDDT" time="0.0">
    <failure type="org.testng.TestNGException" message="
Found two providers called &amp;apos;LoginData&amp;apos; on class com.inetBanking.testCases.TC_LoginDDT_002">
      <![CDATA[org.testng.TestNGException: 
Found two providers called 'LoginData' on class com.inetBanking.testCases.TC_LoginDDT_002
... Removed 23 stack frames]]>
    </failure>
  </testcase> <!-- loginDDT -->
</testsuite> <!-- BankingApp Test(failed)(failed)(failed) -->
