<?xml version="1.0" encoding="UTF-8"?>
<!-- Generated by org.testng.reporters.JUnitXMLReporter -->
<testsuite ignored="0" hostname="inlen8520026352" failures="1" tests="1" name="Default test(failed)(failed)(failed)(failed)" time="4.026" errors="0" timestamp="2022-05-02T13:26:49 IST">
  <testcase classname="com.inetBanking.testCases.TC_LoginTest_001" name="loginTest" time="0.008">
    <failure type="java.lang.NullPointerException" message="Cannot invoke &amp;quot;org.apache.log4j.Logger.info(Object)&amp;quot; because &amp;quot;com.inetBanking.testCases.TC_LoginTest_001.logger&amp;quot; is null">
      <![CDATA[java.lang.NullPointerException: Cannot invoke "org.apache.log4j.Logger.info(Object)" because "com.inetBanking.testCases.TC_LoginTest_001.logger" is null
at com.inetBanking.testCases.TC_LoginTest_001.loginTest(TC_LoginTest_001.java:20)
at java.base/java.util.ArrayList.forEach(ArrayList.java:1511)
... Removed 27 stack frames]]>
    </failure>
  </testcase> <!-- loginTest -->
</testsuite> <!-- Default test(failed)(failed)(failed)(failed) -->
