<?xml version="1.0" encoding="UTF-8"?>
<testng-results ignored="0" total="6" passed="6" failed="0" skipped="0">
  <reporter-output>
  </reporter-output>
  <suite started-at="2022-06-16T08:25:31Z" name="InetBankingV1" finished-at="2022-06-16T08:26:52Z" duration-ms="80269">
    <groups>
    </groups>
    <test started-at="2022-06-16T08:25:31Z" name="BankingApp Test" finished-at="2022-06-16T08:26:52Z" duration-ms="80269">
      <class name="com.inetBanking.testCases.TC_LoginDDT_002">
        <test-method is-config="true" signature="setup(java.lang.String)[pri:0, instance:com.inetBanking.testCases.TC_LoginDDT_002@78e94dcf]" started-at="2022-06-16T08:25:32Z" name="setup" finished-at="2022-06-16T08:25:42Z" duration-ms="10071" status="PASS">
          <params>
            <param index="0">
              <value>
                <![CDATA[chrome]]>
              </value>
            </param>
          </params>
          <reporter-output>
          </reporter-output>
        </test-method> <!-- setup -->
        <test-method signature="loginDDT(java.lang.String, java.lang.String)[pri:0, instance:com.inetBanking.testCases.TC_LoginDDT_002@78e94dcf]" started-at="2022-06-16T08:25:43Z" name="loginDDT" data-provider="LoginData" finished-at="2022-06-16T08:25:54Z" duration-ms="11617" status="PASS">
          <params>
            <param index="0">
              <value>
                <![CDATA[mngr411979]]>
              </value>
            </param>
            <param index="1">
              <value>
                <![CDATA[hunyvUj]]>
              </value>
            </param>
          </params>
          <reporter-output>
          </reporter-output>
        </test-method> <!-- loginDDT -->
        <test-method signature="loginDDT(java.lang.String, java.lang.String)[pri:0, instance:com.inetBanking.testCases.TC_LoginDDT_002@78e94dcf]" started-at="2022-06-16T08:25:55Z" name="loginDDT" data-provider="LoginData" finished-at="2022-06-16T08:26:06Z" duration-ms="11617" status="PASS">
          <params>
            <param index="0">
              <value>
                <![CDATA[mngr411979]]>
              </value>
            </param>
            <param index="1">
              <value>
                <![CDATA[hunyvUj]]>
              </value>
            </param>
          </params>
          <reporter-output>
          </reporter-output>
        </test-method> <!-- loginDDT -->
        <test-method signature="loginDDT(java.lang.String, java.lang.String)[pri:0, instance:com.inetBanking.testCases.TC_LoginDDT_002@78e94dcf]" started-at="2022-06-16T08:26:06Z" name="loginDDT" data-provider="LoginData" finished-at="2022-06-16T08:26:18Z" duration-ms="12128" status="PASS">
          <params>
            <param index="0">
              <value>
                <![CDATA[mngr411979]]>
              </value>
            </param>
            <param index="1">
              <value>
                <![CDATA[hunyvUj]]>
              </value>
            </param>
          </params>
          <reporter-output>
          </reporter-output>
        </test-method> <!-- loginDDT -->
        <test-method signature="loginDDT(java.lang.String, java.lang.String)[pri:0, instance:com.inetBanking.testCases.TC_LoginDDT_002@78e94dcf]" started-at="2022-06-16T08:26:18Z" name="loginDDT" data-provider="LoginData" finished-at="2022-06-16T08:26:29Z" duration-ms="10755" status="PASS">
          <params>
            <param index="0">
              <value>
                <![CDATA[mngr411979]]>
              </value>
            </param>
            <param index="1">
              <value>
                <![CDATA[hunyvUj]]>
              </value>
            </param>
          </params>
          <reporter-output>
          </reporter-output>
        </test-method> <!-- loginDDT -->
        <test-method signature="loginDDT(java.lang.String, java.lang.String)[pri:0, instance:com.inetBanking.testCases.TC_LoginDDT_002@78e94dcf]" started-at="2022-06-16T08:26:29Z" name="loginDDT" data-provider="LoginData" finished-at="2022-06-16T08:26:40Z" duration-ms="11422" status="PASS">
          <params>
            <param index="0">
              <value>
                <![CDATA[mngr411979]]>
              </value>
            </param>
            <param index="1">
              <value>
                <![CDATA[hunyvUj]]>
              </value>
            </param>
          </params>
          <reporter-output>
          </reporter-output>
        </test-method> <!-- loginDDT -->
        <test-method signature="loginDDT(java.lang.String, java.lang.String)[pri:0, instance:com.inetBanking.testCases.TC_LoginDDT_002@78e94dcf]" started-at="2022-06-16T08:26:40Z" name="loginDDT" data-provider="LoginData" finished-at="2022-06-16T08:26:51Z" duration-ms="10697" status="PASS">
          <params>
            <param index="0">
              <value>
                <![CDATA[mngr411979]]>
              </value>
            </param>
            <param index="1">
              <value>
                <![CDATA[hunyvUj]]>
              </value>
            </param>
          </params>
          <reporter-output>
          </reporter-output>
        </test-method> <!-- loginDDT -->
        <test-method is-config="true" signature="teardown()[pri:0, instance:com.inetBanking.testCases.TC_LoginDDT_002@78e94dcf]" started-at="2022-06-16T08:26:51Z" name="teardown" finished-at="2022-06-16T08:26:52Z" duration-ms="373" status="PASS">
          <reporter-output>
          </reporter-output>
        </test-method> <!-- teardown -->
      </class> <!-- com.inetBanking.testCases.TC_LoginDDT_002 -->
    </test> <!-- BankingApp Test -->
  </suite> <!-- InetBankingV1 -->
</testng-results>
