<?xml version="1.0" encoding="UTF-8"?>
<!-- Generated by org.testng.reporters.JUnitXMLReporter -->
<testsuite ignored="0" hostname="inlen8520026352" failures="0" tests="1" name="BankingApp Test(failed)(failed)(failed)(failed)" time="10.053" errors="0" timestamp="30 May 2022 14:01:54 GMT">
  <testcase classname="com.inetBanking.testCases.TC_LoginDDT_002" name="loginDDT" time="0.0">
    <skipped/>
  </testcase> <!-- loginDDT -->
</testsuite> <!-- BankingApp Test(failed)(failed)(failed)(failed) -->
