<?xml version="1.0" encoding="UTF-8"?>
<!-- Generated by org.testng.reporters.JUnitXMLReporter -->
<testsuite ignored="0" hostname="inlen8520026352" failures="0" tests="1" name="Default test(failed)(failed)(failed)(failed)(failed)(failed)(failed)(failed)" time="11.499" errors="0" timestamp="2022-05-02T13:38:29 IST">
  <testcase classname="com.inetBanking.testCases.TC_LoginTest_001" name="loginTest" time="7.045"/>
</testsuite> <!-- Default test(failed)(failed)(failed)(failed)(failed)(failed)(failed)(failed) -->
